[{"stream_name":"stderr","time":14.840641982,"data":"2024-05-25 01:09:44.887465: E external/local_xla/xla/stream_executor/cuda/cuda_dnn.cc:9261] Unable to register cuDNN factory: Attempting to register factory for plugin cuDNN when one has already been registered\n"}
,{"stream_name":"stderr","time":14.841140923,"data":"2024-05-25 01:09:44.887570: E external/local_xla/xla/stream_executor/cuda/cuda_fft.cc:607] Unable to register cuFFT factory: Attempting to register factory for plugin cuFFT when one has already been registered\n"}
,{"stream_name":"stderr","time":14.841178556,"data":"2024-05-25 01:09:45.021971: E external/local_xla/xla/stream_executor/cuda/cuda_blas.cc:1515] Unable to register cuBLAS factory: Attempting to register factory for plugin cuBLAS when one has already been registered\n"}
,{"stream_name":"stderr","time":15.044137477,"data":"2024-05-25 01:09:44.887465: E external/local_xla/xla/stream_executor/cuda/cuda_dnn.cc:9261] Unable to register cuDNN factory: Attempting to register factory for plugin cuDNN when one has already been registered\n"}
,{"stream_name":"stderr","time":15.044198933,"data":"2024-05-25 01:09:44.887570: E external/local_xla/xla/stream_executor/cuda/cuda_fft.cc:607] Unable to register cuFFT factory: Attempting to register factory for plugin cuFFT when one has already been registered\n"}
,{"stream_name":"stderr","time":15.044206583,"data":"2024-05-25 01:09:45.021971: E external/local_xla/xla/stream_executor/cuda/cuda_blas.cc:1515] Unable to register cuBLAS factory: Attempting to register factory for plugin cuBLAS when one has already been registered\n"}
,{"stream_name":"stderr","time":24.235223518,"data":"Downloading: \"https://download.pytorch.org/models/resnet18-f37072fd.pth\" to /root/.cache/torch/hub/checkpoints/resnet18-f37072fd.pth\n"}
,{"stream_name":"stderr","time":24.669125165,"data":"\r  0%|          | 0.00/44.7M [00:00\u003c?, ?B/s]\r 15%|®Ä®Ö        | 6.62M/44.7M [00:00\u003c00:00, 69.4MB/s]\r 52%|®Ä®Ä®Ä®Ä®Ä®á    | 23.1M/44.7M [00:00\u003c00:00, 130MB/s] \r 89%|®Ä®Ä®Ä®Ä®Ä®Ä®Ä®Ä®Å | 39.9M/44.7M [00:00\u003c00:00, 151MB/s]\r100%|®Ä®Ä®Ä®Ä®Ä®Ä®Ä®Ä®Ä®Ä| 44.7M/44.7M [00:00\u003c00:00, 142MB/s]\n"}
,{"stream_name":"stdout","time":25.045506018,"data":"======================================================================\n"}
,{"stream_name":"stdout","time":25.045556683,"data":"Training with configuration (0.00005, 0.00100)\n"}
,{"stream_name":"stdout","time":125.694846874,"data":"[Epoch  1 / 20], Training loss is 5.408490\n"}
,{"stream_name":"stdout","time":218.299493641,"data":"[Epoch  1 / 20], Validation loss is 5.292748, Validation accuracy is 0.010183\n"}
,{"stream_name":"stdout","time":263.346548314,"data":"[Epoch  2 / 20], Training loss is 5.201502\n"}
,{"stream_name":"stdout","time":298.774243093,"data":"[Epoch  2 / 20], Validation loss is 5.137166, Validation accuracy is 0.025716\n"}
,{"stream_name":"stdout","time":342.78079661,"data":"[Epoch  3 / 20], Training loss is 5.040170\n"}
,{"stream_name":"stdout","time":379.049594934,"data":"[Epoch  3 / 20], Validation loss is 5.002205, Validation accuracy is 0.047290\n"}
,{"stream_name":"stdout","time":422.99137346,"data":"[Epoch  4 / 20], Training loss is 4.891133\n"}
,{"stream_name":"stdout","time":458.703059806,"data":"[Epoch  4 / 20], Validation loss is 4.871767, Validation accuracy is 0.069382\n"}
,{"stream_name":"stdout","time":502.391073763,"data":"[Epoch  5 / 20], Training loss is 4.741648\n"}
,{"stream_name":"stdout","time":537.625961792,"data":"[Epoch  5 / 20], Validation loss is 4.742521, Validation accuracy is 0.092509\n"}
,{"stream_name":"stdout","time":581.677801895,"data":"[Epoch  6 / 20], Training loss is 4.602034\n"}
,{"stream_name":"stdout","time":617.319599608,"data":"[Epoch  6 / 20], Validation loss is 4.616953, Validation accuracy is 0.123576\n"}
,{"stream_name":"stdout","time":660.711846166,"data":"[Epoch  7 / 20], Training loss is 4.460074\n"}
,{"stream_name":"stdout","time":696.234677576,"data":"[Epoch  7 / 20], Validation loss is 4.497346, Validation accuracy is 0.150155\n"}
,{"stream_name":"stdout","time":740.420042206,"data":"[Epoch  8 / 20], Training loss is 4.321449\n"}
,{"stream_name":"stdout","time":776.579887026,"data":"[Epoch  8 / 20], Validation loss is 4.372685, Validation accuracy is 0.176389\n"}
,{"stream_name":"stdout","time":821.02442323,"data":"[Epoch  9 / 20], Training loss is 4.185828\n"}
,{"stream_name":"stdout","time":857.194116974,"data":"[Epoch  9 / 20], Validation loss is 4.261281, Validation accuracy is 0.204177\n"}
,{"stream_name":"stdout","time":901.152359701,"data":"[Epoch 10 / 20], Training loss is 4.055497\n"}
,{"stream_name":"stdout","time":937.62194519,"data":"[Epoch 10 / 20], Validation loss is 4.145619, Validation accuracy is 0.234898\n"}
,{"stream_name":"stdout","time":982.125890102,"data":"[Epoch 11 / 20], Training loss is 3.925758\n"}
,{"stream_name":"stdout","time":1017.124755343,"data":"[Epoch 11 / 20], Validation loss is 4.030700, Validation accuracy is 0.259061\n"}
,{"stream_name":"stdout","time":1060.712174917,"data":"[Epoch 12 / 20], Training loss is 3.812139\n"}
,{"stream_name":"stdout","time":1096.586547525,"data":"[Epoch 12 / 20], Validation loss is 3.954148, Validation accuracy is 0.279427\n"}
,{"stream_name":"stdout","time":1140.570343968,"data":"[Epoch 13 / 20], Training loss is 3.726539\n"}
,{"stream_name":"stdout","time":1177.086283134,"data":"[Epoch 13 / 20], Validation loss is 3.884310, Validation accuracy is 0.296168\n"}
,{"stream_name":"stdout","time":1221.90471516,"data":"[Epoch 14 / 20], Training loss is 3.641024\n"}
,{"stream_name":"stdout","time":1257.708059521,"data":"[Epoch 14 / 20], Validation loss is 3.809966, Validation accuracy is 0.311702\n"}
,{"stream_name":"stdout","time":1301.486245473,"data":"[Epoch 15 / 20], Training loss is 3.561263\n"}
,{"stream_name":"stdout","time":1337.221744075,"data":"[Epoch 15 / 20], Validation loss is 3.739079, Validation accuracy is 0.326372\n"}
,{"stream_name":"stdout","time":1380.822797184,"data":"[Epoch 16 / 20], Training loss is 3.478734\n"}
,{"stream_name":"stdout","time":1416.223682069,"data":"[Epoch 16 / 20], Validation loss is 3.666056, Validation accuracy is 0.339489\n"}
,{"stream_name":"stdout","time":1459.338788774,"data":"[Epoch 17 / 20], Training loss is 3.400720\n"}
,{"stream_name":"stdout","time":1493.755778996,"data":"[Epoch 17 / 20], Validation loss is 3.598752, Validation accuracy is 0.352088\n"}
,{"stream_name":"stdout","time":1537.321003028,"data":"[Epoch 18 / 20], Training loss is 3.321921\n"}
,{"stream_name":"stdout","time":1572.285535606,"data":"[Epoch 18 / 20], Validation loss is 3.528878, Validation accuracy is 0.362616\n"}
,{"stream_name":"stdout","time":1615.194506946,"data":"[Epoch 19 / 20], Training loss is 3.250098\n"}
,{"stream_name":"stdout","time":1650.090217018,"data":"[Epoch 19 / 20], Validation loss is 3.468739, Validation accuracy is 0.376596\n"}
,{"stream_name":"stdout","time":1694.175358503,"data":"[Epoch 20 / 20], Training loss is 3.176342\n"}
,{"stream_name":"stdout","time":1729.864771203,"data":"[Epoch 20 / 20], Validation loss is 3.404056, Validation accuracy is 0.386262\n"}
,{"stream_name":"stdout","time":1730.180776124,"data":"======================================================================\n"}
,{"stream_name":"stdout","time":1730.180824106,"data":"Training with configuration (0.00005, 0.00200)\n"}
,{"stream_name":"stdout","time":1774.4330629,"data":"[Epoch  1 / 20], Training loss is 5.352617\n"}
,{"stream_name":"stdout","time":1810.068047146,"data":"[Epoch  1 / 20], Validation loss is 5.166831, Validation accuracy is 0.023473\n"}
,{"stream_name":"stdout","time":1853.82620204,"data":"[Epoch  2 / 20], Training loss is 5.023157\n"}
,{"stream_name":"stdout","time":1888.821229649,"data":"[Epoch  2 / 20], Validation loss is 4.908602, Validation accuracy is 0.059027\n"}
,{"stream_name":"stdout","time":1931.769626914,"data":"[Epoch  3 / 20], Training loss is 4.741046\n"}
,{"stream_name":"stdout","time":1966.483160373,"data":"[Epoch  3 / 20], Validation loss is 4.669282, Validation accuracy is 0.111667\n"}
,{"stream_name":"stdout","time":2010.086449737,"data":"[Epoch  4 / 20], Training loss is 4.474979\n"}
,{"stream_name":"stdout","time":2044.928689619,"data":"[Epoch  4 / 20], Validation loss is 4.441889, Validation accuracy is 0.163618\n"}
,{"stream_name":"stdout","time":2088.278212666,"data":"[Epoch  5 / 20], Training loss is 4.220157\n"}
,{"stream_name":"stdout","time":2123.389527933,"data":"[Epoch  5 / 20], Validation loss is 4.223953, Validation accuracy is 0.213842\n"}
,{"stream_name":"stdout","time":2167.495699859,"data":"[Epoch  6 / 20], Training loss is 3.987787\n"}
,{"stream_name":"stdout","time":2202.901176163,"data":"[Epoch  6 / 20], Validation loss is 4.021497, Validation accuracy is 0.263203\n"}
,{"stream_name":"stdout","time":2247.126136522,"data":"[Epoch  7 / 20], Training loss is 3.762426\n"}
,{"stream_name":"stdout","time":2282.009037805,"data":"[Epoch  7 / 20], Validation loss is 3.837313, Validation accuracy is 0.304108\n"}
,{"stream_name":"stdout","time":2324.994553049,"data":"[Epoch  8 / 20], Training loss is 3.550737\n"}
,{"stream_name":"stdout","time":2360.109631411,"data":"[Epoch  8 / 20], Validation loss is 3.654858, Validation accuracy is 0.334311\n"}
,{"stream_name":"stdout","time":2403.188637269,"data":"[Epoch  9 / 20], Training loss is 3.352255\n"}
,{"stream_name":"stdout","time":2438.738957361,"data":"[Epoch  9 / 20], Validation loss is 3.499723, Validation accuracy is 0.366414\n"}
,{"stream_name":"stdout","time":2483.066549387,"data":"[Epoch 10 / 20], Training loss is 3.172374\n"}
,{"stream_name":"stdout","time":2517.672136749,"data":"[Epoch 10 / 20], Validation loss is 3.347854, Validation accuracy is 0.391439\n"}
,{"stream_name":"stdout","time":2561.457283734,"data":"[Epoch 11 / 20], Training loss is 3.001968\n"}
,{"stream_name":"stdout","time":2596.863061627,"data":"[Epoch 11 / 20], Validation loss is 3.204003, Validation accuracy is 0.412151\n"}
,{"stream_name":"stdout","time":2641.03671933,"data":"[Epoch 12 / 20], Training loss is 2.856469\n"}
,{"stream_name":"stdout","time":2676.239634008,"data":"[Epoch 12 / 20], Validation loss is 3.113392, Validation accuracy is 0.428719\n"}
,{"stream_name":"stdout","time":2719.678552547,"data":"[Epoch 13 / 20], Training loss is 2.752823\n"}
,{"stream_name":"stdout","time":2754.363725608,"data":"[Epoch 13 / 20], Validation loss is 3.035234, Validation accuracy is 0.440973\n"}
,{"stream_name":"stdout","time":2798.021924137,"data":"[Epoch 14 / 20], Training loss is 2.654619\n"}
,{"stream_name":"stdout","time":2832.843225835,"data":"[Epoch 14 / 20], Validation loss is 2.952360, Validation accuracy is 0.454090\n"}
,{"stream_name":"stdout","time":2876.128407379,"data":"[Epoch 15 / 20], Training loss is 2.564784\n"}
,{"stream_name":"stdout","time":2911.652616162,"data":"[Epoch 15 / 20], Validation loss is 2.876914, Validation accuracy is 0.465482\n"}
,{"stream_name":"stdout","time":2955.476006102,"data":"[Epoch 16 / 20], Training loss is 2.474972\n"}
,{"stream_name":"stdout","time":2990.828632809,"data":"[Epoch 16 / 20], Validation loss is 2.801728, Validation accuracy is 0.473766\n"}
,{"stream_name":"stdout","time":3034.049371372,"data":"[Epoch 17 / 20], Training loss is 2.394567\n"}
,{"stream_name":"stdout","time":3069.313186498,"data":"[Epoch 17 / 20], Validation loss is 2.736192, Validation accuracy is 0.481360\n"}
,{"stream_name":"stdout","time":3112.597987923,"data":"[Epoch 18 / 20], Training loss is 2.313681\n"}
,{"stream_name":"stdout","time":3147.935696749,"data":"[Epoch 18 / 20], Validation loss is 2.670121, Validation accuracy is 0.495513\n"}
,{"stream_name":"stdout","time":3191.063222655,"data":"[Epoch 19 / 20], Training loss is 2.243046\n"}
,{"stream_name":"stdout","time":3226.028864738,"data":"[Epoch 19 / 20], Validation loss is 2.615186, Validation accuracy is 0.498964\n"}
,{"stream_name":"stdout","time":3270.756502935,"data":"[Epoch 20 / 20], Training loss is 2.173275\n"}
,{"stream_name":"stdout","time":3306.441721586,"data":"[Epoch 20 / 20], Validation loss is 2.556488, Validation accuracy is 0.505868\n"}
,{"stream_name":"stdout","time":3306.740580907,"data":"======================================================================\n"}
,{"stream_name":"stdout","time":3306.740620637,"data":"Training with configuration (0.00005, 0.00500)\n"}
,{"stream_name":"stdout","time":3351.048421641,"data":"[Epoch  1 / 20], Training loss is 5.230803\n"}
,{"stream_name":"stdout","time":3386.735324346,"data":"[Epoch  1 / 20], Validation loss is 4.876990, Validation accuracy is 0.060407\n"}
,{"stream_name":"stdout","time":3430.408317472,"data":"[Epoch  2 / 20], Training loss is 4.560239\n"}
,{"stream_name":"stdout","time":3465.636870425,"data":"[Epoch  2 / 20], Validation loss is 4.331759, Validation accuracy is 0.172938\n"}
,{"stream_name":"stdout","time":3509.193799422,"data":"[Epoch  3 / 20], Training loss is 3.985552\n"}
,{"stream_name":"stdout","time":3544.230615362,"data":"[Epoch  3 / 20], Validation loss is 3.880902, Validation accuracy is 0.275457\n"}
,{"stream_name":"stdout","time":3587.483887879,"data":"[Epoch  4 / 20], Training loss is 3.503203\n"}
,{"stream_name":"stdout","time":3622.551204491,"data":"[Epoch  4 / 20], Validation loss is 3.506843, Validation accuracy is 0.348119\n"}
,{"stream_name":"stdout","time":3665.462810086,"data":"[Epoch  5 / 20], Training loss is 3.096504\n"}
,{"stream_name":"stdout","time":3700.596075658,"data":"[Epoch  5 / 20], Validation loss is 3.197513, Validation accuracy is 0.395409\n"}
,{"stream_name":"stdout","time":3744.454322457,"data":"[Epoch  6 / 20], Training loss is 2.771562\n"}
,{"stream_name":"stdout","time":3779.224608826,"data":"[Epoch  6 / 20], Validation loss is 2.944088, Validation accuracy is 0.437176\n"}
,{"stream_name":"stdout","time":3822.522653612,"data":"[Epoch  7 / 20], Training loss is 2.488800\n"}
,{"stream_name":"stdout","time":3857.714398066,"data":"[Epoch  7 / 20], Validation loss is 2.744060, Validation accuracy is 0.467898\n"}
,{"stream_name":"stdout","time":3900.385066932,"data":"[Epoch  8 / 20], Training loss is 2.252632\n"}
,{"stream_name":"stdout","time":3935.658935428,"data":"[Epoch  8 / 20], Validation loss is 2.566843, Validation accuracy is 0.482568\n"}
,{"stream_name":"stdout","time":3980.345101863,"data":"[Epoch  9 / 20], Training loss is 2.053908\n"}
,{"stream_name":"stdout","time":4016.059742679,"data":"[Epoch  9 / 20], Validation loss is 2.430553, Validation accuracy is 0.503452\n"}
,{"stream_name":"stdout","time":4060.063316415,"data":"[Epoch 10 / 20], Training loss is 1.891153\n"}
,{"stream_name":"stdout","time":4094.923618359,"data":"[Epoch 10 / 20], Validation loss is 2.312326, Validation accuracy is 0.521401\n"}
,{"stream_name":"stdout","time":4139.233992952,"data":"[Epoch 11 / 20], Training loss is 1.749466\n"}
,{"stream_name":"stdout","time":4174.763381168,"data":"[Epoch 11 / 20], Validation loss is 2.208417, Validation accuracy is 0.532965\n"}
,{"stream_name":"stdout","time":4218.693055801,"data":"[Epoch 12 / 20], Training loss is 1.629485\n"}
,{"stream_name":"stdout","time":4253.390171587,"data":"[Epoch 12 / 20], Validation loss is 2.138889, Validation accuracy is 0.544184\n"}
,{"stream_name":"stdout","time":4296.348487215,"data":"[Epoch 13 / 20], Training loss is 1.549978\n"}
,{"stream_name":"stdout","time":4331.417722744,"data":"[Epoch 13 / 20], Validation loss is 2.091154, Validation accuracy is 0.549189\n"}
,{"stream_name":"stdout","time":4374.220064292,"data":"[Epoch 14 / 20], Training loss is 1.481758\n"}
,{"stream_name":"stdout","time":4409.014497427,"data":"[Epoch 14 / 20], Validation loss is 2.037668, Validation accuracy is 0.552641\n"}
,{"stream_name":"stdout","time":4452.426219283,"data":"[Epoch 15 / 20], Training loss is 1.419413\n"}
,{"stream_name":"stdout","time":4487.32668482,"data":"[Epoch 15 / 20], Validation loss is 1.992856, Validation accuracy is 0.560407\n"}
,{"stream_name":"stdout","time":4531.281516493,"data":"[Epoch 16 / 20], Training loss is 1.358199\n"}
,{"stream_name":"stdout","time":4565.88026532,"data":"[Epoch 16 / 20], Validation loss is 1.948720, Validation accuracy is 0.563169\n"}
,{"stream_name":"stdout","time":4609.109317618,"data":"[Epoch 17 / 20], Training loss is 1.306561\n"}
,{"stream_name":"stdout","time":4644.103145825,"data":"[Epoch 17 / 20], Validation loss is 1.914075, Validation accuracy is 0.568692\n"}
,{"stream_name":"stdout","time":4686.878677611,"data":"[Epoch 18 / 20], Training loss is 1.252028\n"}
,{"stream_name":"stdout","time":4721.34172228,"data":"[Epoch 18 / 20], Validation loss is 1.878414, Validation accuracy is 0.570935\n"}
,{"stream_name":"stdout","time":4764.606041361,"data":"[Epoch 19 / 20], Training loss is 1.207506\n"}
,{"stream_name":"stdout","time":4799.117477643,"data":"[Epoch 19 / 20], Validation loss is 1.850762, Validation accuracy is 0.573524\n"}
,{"stream_name":"stdout","time":4842.130513389,"data":"[Epoch 20 / 20], Training loss is 1.165043\n"}
,{"stream_name":"stdout","time":4876.99282703,"data":"[Epoch 20 / 20], Validation loss is 1.818816, Validation accuracy is 0.578702\n"}
,{"stream_name":"stdout","time":4877.307540046,"data":"======================================================================\n"}
,{"stream_name":"stdout","time":4877.307578199,"data":"Training with configuration (0.00005, 0.00800)\n"}
,{"stream_name":"stdout","time":4920.337877689,"data":"[Epoch  1 / 20], Training loss is 5.127684\n"}
,{"stream_name":"stdout","time":4955.211397867,"data":"[Epoch  1 / 20], Validation loss is 4.628782, Validation accuracy is 0.099931\n"}
,{"stream_name":"stdout","time":4997.966054995,"data":"[Epoch  2 / 20], Training loss is 4.162290\n"}
,{"stream_name":"stdout","time":5032.29343041,"data":"[Epoch  2 / 20], Validation loss is 3.889833, Validation accuracy is 0.238177\n"}
,{"stream_name":"stdout","time":5075.236942885,"data":"[Epoch  3 / 20], Training loss is 3.412183\n"}
,{"stream_name":"stdout","time":5109.80034394,"data":"[Epoch  3 / 20], Validation loss is 3.353482, Validation accuracy is 0.348809\n"}
,{"stream_name":"stdout","time":5152.313062538,"data":"[Epoch  4 / 20], Training loss is 2.855284\n"}
,{"stream_name":"stdout","time":5187.240987189,"data":"[Epoch  4 / 20], Validation loss is 2.952658, Validation accuracy is 0.410770\n"}
,{"stream_name":"stdout","time":5229.878049269,"data":"[Epoch  5 / 20], Training loss is 2.429258\n"}
,{"stream_name":"stdout","time":5264.521522244,"data":"[Epoch  5 / 20], Validation loss is 2.665968, Validation accuracy is 0.455126\n"}
,{"stream_name":"stdout","time":5307.496537816,"data":"[Epoch  6 / 20], Training loss is 2.124063\n"}
,{"stream_name":"stdout","time":5341.910549746,"data":"[Epoch  6 / 20], Validation loss is 2.446923, Validation accuracy is 0.481705\n"}
,{"stream_name":"stdout","time":5384.685370853,"data":"[Epoch  7 / 20], Training loss is 1.872532\n"}
,{"stream_name":"stdout","time":5419.247058096,"data":"[Epoch  7 / 20], Validation loss is 2.289563, Validation accuracy is 0.506904\n"}
,{"stream_name":"stdout","time":5462.137380787,"data":"[Epoch  8 / 20], Training loss is 1.673970\n"}
,{"stream_name":"stdout","time":5496.774583687,"data":"[Epoch  8 / 20], Validation loss is 2.152304, Validation accuracy is 0.519330\n"}
,{"stream_name":"stdout","time":5539.603868552,"data":"[Epoch  9 / 20], Training loss is 1.512215\n"}
,{"stream_name":"stdout","time":5574.048892578,"data":"[Epoch  9 / 20], Validation loss is 2.056078, Validation accuracy is 0.533483\n"}
,{"stream_name":"stdout","time":5617.373108407,"data":"[Epoch 10 / 20], Training loss is 1.383768\n"}
,{"stream_name":"stdout","time":5651.807975554,"data":"[Epoch 10 / 20], Validation loss is 1.971857, Validation accuracy is 0.552123\n"}
,{"stream_name":"stdout","time":5694.771071741,"data":"[Epoch 11 / 20], Training loss is 1.273868\n"}
,{"stream_name":"stdout","time":5729.244650445,"data":"[Epoch 11 / 20], Validation loss is 1.898680, Validation accuracy is 0.557128\n"}
,{"stream_name":"stdout","time":5772.053700998,"data":"[Epoch 12 / 20], Training loss is 1.175412\n"}
,{"stream_name":"stdout","time":5806.645590055,"data":"[Epoch 12 / 20], Validation loss is 1.841514, Validation accuracy is 0.568519\n"}
,{"stream_name":"stdout","time":5849.553645314,"data":"[Epoch 13 / 20], Training loss is 1.112927\n"}
,{"stream_name":"stdout","time":5884.081749392,"data":"[Epoch 13 / 20], Validation loss is 1.810784, Validation accuracy is 0.574732\n"}
,{"stream_name":"stdout","time":5926.873787622,"data":"[Epoch 14 / 20], Training loss is 1.061679\n"}
,{"stream_name":"stdout","time":5962.940651316,"data":"[Epoch 14 / 20], Validation loss is 1.775013, Validation accuracy is 0.576804\n"}
,{"stream_name":"stdout","time":6006.720548206,"data":"[Epoch 15 / 20], Training loss is 1.013854\n"}
,{"stream_name":"stdout","time":6042.122716794,"data":"[Epoch 15 / 20], Validation loss is 1.745675, Validation accuracy is 0.583017\n"}
,{"stream_name":"stdout","time":6085.456088979,"data":"[Epoch 16 / 20], Training loss is 0.966916\n"}
,{"stream_name":"stdout","time":6119.617106696,"data":"[Epoch 16 / 20], Validation loss is 1.715476, Validation accuracy is 0.582499\n"}
,{"stream_name":"stdout","time":6162.563024537,"data":"[Epoch 17 / 20], Training loss is 0.927773\n"}
,{"stream_name":"stdout","time":6197.651881719,"data":"[Epoch 17 / 20], Validation loss is 1.695468, Validation accuracy is 0.584398\n"}
,{"stream_name":"stdout","time":6240.602567016,"data":"[Epoch 18 / 20], Training loss is 0.885584\n"}
,{"stream_name":"stdout","time":6276.300982553,"data":"[Epoch 18 / 20], Validation loss is 1.672944, Validation accuracy is 0.590784\n"}
,{"stream_name":"stdout","time":6319.945125615,"data":"[Epoch 19 / 20], Training loss is 0.851528\n"}
,{"stream_name":"stdout","time":6354.787795672,"data":"[Epoch 19 / 20], Validation loss is 1.656205, Validation accuracy is 0.589058\n"}
,{"stream_name":"stdout","time":6398.491055419,"data":"[Epoch 20 / 20], Training loss is 0.818868\n"}
,{"stream_name":"stdout","time":6433.703850887,"data":"[Epoch 20 / 20], Validation loss is 1.636116, Validation accuracy is 0.592164\n"}
,{"stream_name":"stdout","time":6434.013814687,"data":"======================================================================\n"}
,{"stream_name":"stdout","time":6434.013847097,"data":"Training with configuration (0.00005, 0.01000)\n"}
,{"stream_name":"stdout","time":6477.31028199,"data":"[Epoch  1 / 20], Training loss is 5.064299\n"}
,{"stream_name":"stdout","time":6513.228951181,"data":"[Epoch  1 / 20], Validation loss is 4.476328, Validation accuracy is 0.125647\n"}
,{"stream_name":"stdout","time":6556.712273625,"data":"[Epoch  2 / 20], Training loss is 3.929985\n"}
,{"stream_name":"stdout","time":6592.006751898,"data":"[Epoch  2 / 20], Validation loss is 3.652495, Validation accuracy is 0.269417\n"}
,{"stream_name":"stdout","time":6635.735521601,"data":"[Epoch  3 / 20], Training loss is 3.110294\n"}
,{"stream_name":"stdout","time":6670.903496858,"data":"[Epoch  3 / 20], Validation loss is 3.098732, Validation accuracy is 0.376424\n"}
,{"stream_name":"stdout","time":6714.557339951,"data":"[Epoch  4 / 20], Training loss is 2.543391\n"}
,{"stream_name":"stdout","time":6749.614556243,"data":"[Epoch  4 / 20], Validation loss is 2.709036, Validation accuracy is 0.437694\n"}
,{"stream_name":"stdout","time":6793.095772851,"data":"[Epoch  5 / 20], Training loss is 2.132239\n"}
,{"stream_name":"stdout","time":6827.876844063,"data":"[Epoch  5 / 20], Validation loss is 2.448720, Validation accuracy is 0.474456\n"}
,{"stream_name":"stdout","time":6871.119445717,"data":"[Epoch  6 / 20], Training loss is 1.851082\n"}
,{"stream_name":"stdout","time":6905.035357123,"data":"[Epoch  6 / 20], Validation loss is 2.255075, Validation accuracy is 0.500863\n"}
,{"stream_name":"stdout","time":6947.884754656,"data":"[Epoch  7 / 20], Training loss is 1.621905\n"}
,{"stream_name":"stdout","time":6982.635247484,"data":"[Epoch  7 / 20], Validation loss is 2.122819, Validation accuracy is 0.525889\n"}
,{"stream_name":"stdout","time":7025.610137423,"data":"[Epoch  8 / 20], Training loss is 1.444148\n"}
,{"stream_name":"stdout","time":7060.097675495,"data":"[Epoch  8 / 20], Validation loss is 2.005079, Validation accuracy is 0.531584\n"}
,{"stream_name":"stdout","time":7104.206105949,"data":"[Epoch  9 / 20], Training loss is 1.300322\n"}
,{"stream_name":"stdout","time":7138.48965243,"data":"[Epoch  9 / 20], Validation loss is 1.928692, Validation accuracy is 0.545564\n"}
,{"stream_name":"stdout","time":7181.787956445,"data":"[Epoch 10 / 20], Training loss is 1.186998\n"}
,{"stream_name":"stdout","time":7216.433676659,"data":"[Epoch 10 / 20], Validation loss is 1.858065, Validation accuracy is 0.561615\n"}
,{"stream_name":"stdout","time":7259.144765909,"data":"[Epoch 11 / 20], Training loss is 1.090130\n"}
,{"stream_name":"stdout","time":7294.307069127,"data":"[Epoch 11 / 20], Validation loss is 1.797776, Validation accuracy is 0.564722\n"}
,{"stream_name":"stdout","time":7337.468532496,"data":"[Epoch 12 / 20], Training loss is 0.999346\n"}
,{"stream_name":"stdout","time":7372.628972115,"data":"[Epoch 12 / 20], Validation loss is 1.746082, Validation accuracy is 0.576458\n"}
,{"stream_name":"stdout","time":7416.703850405,"data":"[Epoch 13 / 20], Training loss is 0.943934\n"}
,{"stream_name":"stdout","time":7452.307519751,"data":"[Epoch 13 / 20], Validation loss is 1.721655, Validation accuracy is 0.580601\n"}
,{"stream_name":"stdout","time":7495.726954221,"data":"[Epoch 14 / 20], Training loss is 0.898989\n"}
,{"stream_name":"stdout","time":7531.666655593,"data":"[Epoch 14 / 20], Validation loss is 1.693407, Validation accuracy is 0.584915\n"}
,{"stream_name":"stdout","time":7575.717017104,"data":"[Epoch 15 / 20], Training loss is 0.856706\n"}
,{"stream_name":"stdout","time":7610.320456868,"data":"[Epoch 15 / 20], Validation loss is 1.670279, Validation accuracy is 0.589748\n"}
,{"stream_name":"stdout","time":7653.888596343,"data":"[Epoch 16 / 20], Training loss is 0.815260\n"}
,{"stream_name":"stdout","time":7688.486368141,"data":"[Epoch 16 / 20], Validation loss is 1.644816, Validation accuracy is 0.588195\n"}
,{"stream_name":"stdout","time":7732.371174044,"data":"[Epoch 17 / 20], Training loss is 0.780626\n"}
,{"stream_name":"stdout","time":7767.820119203,"data":"[Epoch 17 / 20], Validation loss is 1.630643, Validation accuracy is 0.589230\n"}
,{"stream_name":"stdout","time":7811.04847935,"data":"[Epoch 18 / 20], Training loss is 0.743176\n"}
,{"stream_name":"stdout","time":7845.985002137,"data":"[Epoch 18 / 20], Validation loss is 1.613241, Validation accuracy is 0.593545\n"}
,{"stream_name":"stdout","time":7889.815854871,"data":"[Epoch 19 / 20], Training loss is 0.713131\n"}
,{"stream_name":"stdout","time":7925.018877639,"data":"[Epoch 19 / 20], Validation loss is 1.600854, Validation accuracy is 0.594581\n"}
,{"stream_name":"stdout","time":7969.315801056,"data":"[Epoch 20 / 20], Training loss is 0.683788\n"}
,{"stream_name":"stdout","time":8004.692681291,"data":"[Epoch 20 / 20], Validation loss is 1.585161, Validation accuracy is 0.596479\n"}
,{"stream_name":"stdout","time":8004.98627581,"data":"======================================================================\n"}
,{"stream_name":"stdout","time":8004.986300693,"data":"Training with configuration (0.00010, 0.00100)\n"}
,{"stream_name":"stdout","time":8048.433662756,"data":"[Epoch  1 / 20], Training loss is 5.406722\n"}
,{"stream_name":"stdout","time":8084.008588455,"data":"[Epoch  1 / 20], Validation loss is 5.288384, Validation accuracy is 0.010701\n"}
,{"stream_name":"stdout","time":8127.766076791,"data":"[Epoch  2 / 20], Training loss is 5.191419\n"}
,{"stream_name":"stdout","time":8162.948417375,"data":"[Epoch  2 / 20], Validation loss is 5.126786, Validation accuracy is 0.026752\n"}
,{"stream_name":"stdout","time":8205.790570586,"data":"[Epoch  3 / 20], Training loss is 5.020815\n"}
,{"stream_name":"stdout","time":8240.717665555,"data":"[Epoch  3 / 20], Validation loss is 4.984653, Validation accuracy is 0.049707\n"}
,{"stream_name":"stdout","time":8283.927195113,"data":"[Epoch  4 / 20], Training loss is 4.861047\n"}
,{"stream_name":"stdout","time":8319.101456351,"data":"[Epoch  4 / 20], Validation loss is 4.844955, Validation accuracy is 0.073870\n"}
,{"stream_name":"stdout","time":8362.636616523,"data":"[Epoch  5 / 20], Training loss is 4.698901\n"}
,{"stream_name":"stdout","time":8397.145063961,"data":"[Epoch  5 / 20], Validation loss is 4.704242, Validation accuracy is 0.101312\n"}
,{"stream_name":"stdout","time":8440.233239963,"data":"[Epoch  6 / 20], Training loss is 4.545101\n"}
,{"stream_name":"stdout","time":8474.928033674,"data":"[Epoch  6 / 20], Validation loss is 4.565182, Validation accuracy is 0.133932\n"}
,{"stream_name":"stdout","time":8517.628613028,"data":"[Epoch  7 / 20], Training loss is 4.387639\n"}
,{"stream_name":"stdout","time":8552.965203182,"data":"[Epoch  7 / 20], Validation loss is 4.430663, Validation accuracy is 0.161892\n"}
,{"stream_name":"stdout","time":8596.801622245,"data":"[Epoch  8 / 20], Training loss is 4.231991\n"}
,{"stream_name":"stdout","time":8631.851455503,"data":"[Epoch  8 / 20], Validation loss is 4.289686, Validation accuracy is 0.195375\n"}
,{"stream_name":"stdout","time":8674.82497269,"data":"[Epoch  9 / 20], Training loss is 4.078626\n"}
,{"stream_name":"stdout","time":8709.481773058,"data":"[Epoch  9 / 20], Validation loss is 4.162254, Validation accuracy is 0.226614\n"}
,{"stream_name":"stdout","time":8752.463761906,"data":"[Epoch 10 / 20], Training loss is 3.931001\n"}
,{"stream_name":"stdout","time":8787.043547747,"data":"[Epoch 10 / 20], Validation loss is 4.029314, Validation accuracy is 0.258026\n"}
,{"stream_name":"stdout","time":8829.459295484,"data":"[Epoch 11 / 20], Training loss is 3.784220\n"}
,{"stream_name":"stdout","time":8864.312694454,"data":"[Epoch 11 / 20], Validation loss is 3.898221, Validation accuracy is 0.283397\n"}
,{"stream_name":"stdout","time":8907.690639173,"data":"[Epoch 12 / 20], Training loss is 3.656299\n"}
,{"stream_name":"stdout","time":8942.213569719,"data":"[Epoch 12 / 20], Validation loss is 3.812480, Validation accuracy is 0.303590\n"}
,{"stream_name":"stdout","time":8985.30161286,"data":"[Epoch 13 / 20], Training loss is 3.560392\n"}
,{"stream_name":"stdout","time":9020.177548708,"data":"[Epoch 13 / 20], Validation loss is 3.732708, Validation accuracy is 0.323956\n"}
,{"stream_name":"stdout","time":9062.929005015,"data":"[Epoch 14 / 20], Training loss is 3.465124\n"}
,{"stream_name":"stdout","time":9098.077856954,"data":"[Epoch 14 / 20], Validation loss is 3.649120, Validation accuracy is 0.340525\n"}
,{"stream_name":"stdout","time":9140.646426905,"data":"[Epoch 15 / 20], Training loss is 3.376265\n"}
,{"stream_name":"stdout","time":9174.604881759,"data":"[Epoch 15 / 20], Validation loss is 3.569009, Validation accuracy is 0.353642\n"}
,{"stream_name":"stdout","time":9217.386303973,"data":"[Epoch 16 / 20], Training loss is 3.285359\n"}
,{"stream_name":"stdout","time":9251.614005684,"data":"[Epoch 16 / 20], Validation loss is 3.489377, Validation accuracy is 0.368312\n"}
,{"stream_name":"stdout","time":9294.453045031,"data":"[Epoch 17 / 20], Training loss is 3.200580\n"}
,{"stream_name":"stdout","time":9329.044090478,"data":"[Epoch 17 / 20], Validation loss is 3.414952, Validation accuracy is 0.379876\n"}
,{"stream_name":"stdout","time":9371.537859487,"data":"[Epoch 18 / 20], Training loss is 3.115066\n"}
,{"stream_name":"stdout","time":9405.717389926,"data":"[Epoch 18 / 20], Validation loss is 3.339574, Validation accuracy is 0.390404\n"}
,{"stream_name":"stdout","time":9448.575523783,"data":"[Epoch 19 / 20], Training loss is 3.037764\n"}
,{"stream_name":"stdout","time":9482.506537947,"data":"[Epoch 19 / 20], Validation loss is 3.273306, Validation accuracy is 0.404902\n"}
,{"stream_name":"stdout","time":9525.051131858,"data":"[Epoch 20 / 20], Training loss is 2.958814\n"}
,{"stream_name":"stdout","time":9559.378361674,"data":"[Epoch 20 / 20], Validation loss is 3.205864, Validation accuracy is 0.418709\n"}
,{"stream_name":"stdout","time":9559.656416849,"data":"======================================================================\n"}
,{"stream_name":"stdout","time":9559.656448778,"data":"Training with configuration (0.00010, 0.00200)\n"}
,{"stream_name":"stdout","time":9602.135439469,"data":"[Epoch  1 / 20], Training loss is 5.350850\n"}
,{"stream_name":"stdout","time":9636.738078006,"data":"[Epoch  1 / 20], Validation loss is 5.162317, Validation accuracy is 0.023818\n"}
,{"stream_name":"stdout","time":9678.991519471,"data":"[Epoch  2 / 20], Training loss is 5.012501\n"}
,{"stream_name":"stdout","time":9712.789504585,"data":"[Epoch  2 / 20], Validation loss is 4.896129, Validation accuracy is 0.060925\n"}
,{"stream_name":"stdout","time":9755.909615848,"data":"[Epoch  3 / 20], Training loss is 4.718358\n"}
,{"stream_name":"stdout","time":9789.805826647,"data":"[Epoch  3 / 20], Validation loss is 4.644728, Validation accuracy is 0.117708\n"}
,{"stream_name":"stdout","time":9832.396720993,"data":"[Epoch  4 / 20], Training loss is 4.436141\n"}
,{"stream_name":"stdout","time":9868.568671184,"data":"[Epoch  4 / 20], Validation loss is 4.400559, Validation accuracy is 0.171557\n"}
,{"stream_name":"stdout","time":9911.310717241,"data":"[Epoch  5 / 20], Training loss is 4.161548\n"}
,{"stream_name":"stdout","time":9945.589212021,"data":"[Epoch  5 / 20], Validation loss is 4.162438, Validation accuracy is 0.225751\n"}
,{"stream_name":"stdout","time":9987.70883922,"data":"[Epoch  6 / 20], Training loss is 3.907624\n"}
,{"stream_name":"stdout","time":10021.311007348,"data":"[Epoch  6 / 20], Validation loss is 3.938095, Validation accuracy is 0.276320\n"}
,{"stream_name":"stdout","time":10064.878445643,"data":"[Epoch  7 / 20], Training loss is 3.660858\n"}
,{"stream_name":"stdout","time":10099.527026474,"data":"[Epoch  7 / 20], Validation loss is 3.733209, Validation accuracy is 0.324128\n"}
,{"stream_name":"stdout","time":10142.218498205,"data":"[Epoch  8 / 20], Training loss is 3.428536\n"}
,{"stream_name":"stdout","time":10176.983164026,"data":"[Epoch  8 / 20], Validation loss is 3.531577, Validation accuracy is 0.357784\n"}
,{"stream_name":"stdout","time":10219.535198421,"data":"[Epoch  9 / 20], Training loss is 3.211899\n"}
,{"stream_name":"stdout","time":10253.508683111,"data":"[Epoch  9 / 20], Validation loss is 3.360845, Validation accuracy is 0.390231\n"}
,{"stream_name":"stdout","time":10296.142132021,"data":"[Epoch 10 / 20], Training loss is 3.017785\n"}
,{"stream_name":"stdout","time":10331.852398685,"data":"[Epoch 10 / 20], Validation loss is 3.195482, Validation accuracy is 0.418191\n"}
,{"stream_name":"stdout","time":10375.932970929,"data":"[Epoch 11 / 20], Training loss is 2.836430\n"}
,{"stream_name":"stdout","time":10411.530132552,"data":"[Epoch 11 / 20], Validation loss is 3.041963, Validation accuracy is 0.437867\n"}
,{"stream_name":"stdout","time":10455.266374476,"data":"[Epoch 12 / 20], Training loss is 2.683652\n"}
,{"stream_name":"stdout","time":10490.902683818,"data":"[Epoch 12 / 20], Validation loss is 2.947538, Validation accuracy is 0.455126\n"}
,{"stream_name":"stdout","time":10535.158554833,"data":"[Epoch 13 / 20], Training loss is 2.576373\n"}
,{"stream_name":"stdout","time":10571.400802495,"data":"[Epoch 13 / 20], Validation loss is 2.866020, Validation accuracy is 0.469796\n"}
,{"stream_name":"stdout","time":10615.931984838,"data":"[Epoch 14 / 20], Training loss is 2.475406\n"}
,{"stream_name":"stdout","time":10652.352631093,"data":"[Epoch 14 / 20], Validation loss is 2.779839, Validation accuracy is 0.482913\n"}
,{"stream_name":"stdout","time":10696.03935855,"data":"[Epoch 15 / 20], Training loss is 2.383557\n"}
,{"stream_name":"stdout","time":10730.536274985,"data":"[Epoch 15 / 20], Validation loss is 2.702030, Validation accuracy is 0.493441\n"}
,{"stream_name":"stdout","time":10774.844293364,"data":"[Epoch 16 / 20], Training loss is 2.292629\n"}
,{"stream_name":"stdout","time":10809.870274009,"data":"[Epoch 16 / 20], Validation loss is 2.627402, Validation accuracy is 0.505523\n"}
,{"stream_name":"stdout","time":10853.08599858,"data":"[Epoch 17 / 20], Training loss is 2.212206\n"}
,{"stream_name":"stdout","time":10888.334408968,"data":"[Epoch 17 / 20], Validation loss is 2.561246, Validation accuracy is 0.512599\n"}
,{"stream_name":"stdout","time":10931.07242568,"data":"[Epoch 18 / 20], Training loss is 2.130931\n"}
,{"stream_name":"stdout","time":10965.344548171,"data":"[Epoch 18 / 20], Validation loss is 2.496012, Validation accuracy is 0.519158\n"}
,{"stream_name":"stdout","time":11007.809462375,"data":"[Epoch 19 / 20], Training loss is 2.060970\n"}
,{"stream_name":"stdout","time":11041.890126742,"data":"[Epoch 19 / 20], Validation loss is 2.440839, Validation accuracy is 0.525889\n"}
,{"stream_name":"stdout","time":11084.922075538,"data":"[Epoch 20 / 20], Training loss is 1.991526\n"}
,{"stream_name":"stdout","time":11119.356602996,"data":"[Epoch 20 / 20], Validation loss is 2.383976, Validation accuracy is 0.531584\n"}
,{"stream_name":"stdout","time":11119.634710144,"data":"======================================================================\n"}
,{"stream_name":"stdout","time":11119.63474974,"data":"Training with configuration (0.00010, 0.00500)\n"}
,{"stream_name":"stdout","time":11161.971163386,"data":"[Epoch  1 / 20], Training loss is 5.228912\n"}
,{"stream_name":"stdout","time":11197.028231616,"data":"[Epoch  1 / 20], Validation loss is 4.871316, Validation accuracy is 0.060925\n"}
,{"stream_name":"stdout","time":11239.956901892,"data":"[Epoch  2 / 20], Training loss is 4.545801\n"}
,{"stream_name":"stdout","time":11275.647077788,"data":"[Epoch  2 / 20], Validation loss is 4.308190, Validation accuracy is 0.176735\n"}
,{"stream_name":"stdout","time":11319.616657249,"data":"[Epoch  3 / 20], Training loss is 3.948278\n"}
,{"stream_name":"stdout","time":11354.215891925,"data":"[Epoch  3 / 20], Validation loss is 3.829664, Validation accuracy is 0.285123\n"}
,{"stream_name":"stdout","time":11396.710325184,"data":"[Epoch  4 / 20], Training loss is 3.437591\n"}
,{"stream_name":"stdout","time":11431.076988699,"data":"[Epoch  4 / 20], Validation loss is 3.426285, Validation accuracy is 0.362271\n"}
,{"stream_name":"stdout","time":11474.018361268,"data":"[Epoch  5 / 20], Training loss is 3.004863\n"}
,{"stream_name":"stdout","time":11508.106344785,"data":"[Epoch  5 / 20], Validation loss is 3.093555, Validation accuracy is 0.414739\n"}
,{"stream_name":"stdout","time":11550.74849235,"data":"[Epoch  6 / 20], Training loss is 2.660672\n"}
,{"stream_name":"stdout","time":11585.012707506,"data":"[Epoch  6 / 20], Validation loss is 2.822807, Validation accuracy is 0.455471\n"}
,{"stream_name":"stdout","time":11627.71370879,"data":"[Epoch  7 / 20], Training loss is 2.366849\n"}
,{"stream_name":"stdout","time":11663.277139404,"data":"[Epoch  7 / 20], Validation loss is 2.613808, Validation accuracy is 0.488091\n"}
,{"stream_name":"stdout","time":11706.118335074,"data":"[Epoch  8 / 20], Training loss is 2.125070\n"}
,{"stream_name":"stdout","time":11740.771344128,"data":"[Epoch  8 / 20], Validation loss is 2.432551, Validation accuracy is 0.503624\n"}
,{"stream_name":"stdout","time":11784.116252807,"data":"[Epoch  9 / 20], Training loss is 1.925089\n"}
,{"stream_name":"stdout","time":11817.772379243,"data":"[Epoch  9 / 20], Validation loss is 2.295232, Validation accuracy is 0.524336\n"}
,{"stream_name":"stdout","time":11860.503858697,"data":"[Epoch 10 / 20], Training loss is 1.763032\n"}
,{"stream_name":"stdout","time":11895.834952669,"data":"[Epoch 10 / 20], Validation loss is 2.177274, Validation accuracy is 0.542975\n"}
,{"stream_name":"stdout","time":11938.773692456,"data":"[Epoch 11 / 20], Training loss is 1.623359\n"}
,{"stream_name":"stdout","time":11973.428132815,"data":"[Epoch 11 / 20], Validation loss is 2.075217, Validation accuracy is 0.552468\n"}
,{"stream_name":"stdout","time":12015.936015175,"data":"[Epoch 12 / 20], Training loss is 1.505340\n"}
,{"stream_name":"stdout","time":12050.435797153,"data":"[Epoch 12 / 20], Validation loss is 2.007793, Validation accuracy is 0.563341\n"}
,{"stream_name":"stdout","time":12093.008033543,"data":"[Epoch 13 / 20], Training loss is 1.428561\n"}
,{"stream_name":"stdout","time":12127.542493796,"data":"[Epoch 13 / 20], Validation loss is 1.961813, Validation accuracy is 0.569555\n"}
,{"stream_name":"stdout","time":12170.26000939,"data":"[Epoch 14 / 20], Training loss is 1.361689\n"}
,{"stream_name":"stdout","time":12204.568137411,"data":"[Epoch 14 / 20], Validation loss is 1.909629, Validation accuracy is 0.577321\n"}
,{"stream_name":"stdout","time":12246.910492846,"data":"[Epoch 15 / 20], Training loss is 1.300684\n"}
,{"stream_name":"stdout","time":12281.436731956,"data":"[Epoch 15 / 20], Validation loss is 1.866286, Validation accuracy is 0.582499\n"}
,{"stream_name":"stdout","time":12323.814478466,"data":"[Epoch 16 / 20], Training loss is 1.240856\n"}
,{"stream_name":"stdout","time":12357.859395753,"data":"[Epoch 16 / 20], Validation loss is 1.825471, Validation accuracy is 0.583017\n"}
,{"stream_name":"stdout","time":12400.388680499,"data":"[Epoch 17 / 20], Training loss is 1.190778\n"}
,{"stream_name":"stdout","time":12434.325519422,"data":"[Epoch 17 / 20], Validation loss is 1.792288, Validation accuracy is 0.588885\n"}
,{"stream_name":"stdout","time":12476.414893284,"data":"[Epoch 18 / 20], Training loss is 1.137300\n"}
,{"stream_name":"stdout","time":12511.468369299,"data":"[Epoch 18 / 20], Validation loss is 1.758690, Validation accuracy is 0.596824\n"}
,{"stream_name":"stdout","time":12554.351796568,"data":"[Epoch 19 / 20], Training loss is 1.094087\n"}
,{"stream_name":"stdout","time":12588.246955451,"data":"[Epoch 19 / 20], Validation loss is 1.732474, Validation accuracy is 0.594235\n"}
,{"stream_name":"stdout","time":12630.852124457,"data":"[Epoch 20 / 20], Training loss is 1.051994\n"}
,{"stream_name":"stdout","time":12664.939376247,"data":"[Epoch 20 / 20], Validation loss is 1.702438, Validation accuracy is 0.600449\n"}
,{"stream_name":"stdout","time":12665.223594146,"data":"======================================================================\n"}
,{"stream_name":"stdout","time":12665.223621662,"data":"Training with configuration (0.00010, 0.00800)\n"}
,{"stream_name":"stdout","time":12707.811299688,"data":"[Epoch  1 / 20], Training loss is 5.125536\n"}
,{"stream_name":"stdout","time":12742.010527616,"data":"[Epoch  1 / 20], Validation loss is 4.621169, Validation accuracy is 0.101312\n"}
,{"stream_name":"stdout","time":12784.161430555,"data":"[Epoch  2 / 20], Training loss is 4.143000\n"}
,{"stream_name":"stdout","time":12818.301726506,"data":"[Epoch  2 / 20], Validation loss is 3.854139, Validation accuracy is 0.244391\n"}
,{"stream_name":"stdout","time":12861.145487713,"data":"[Epoch  3 / 20], Training loss is 3.362590\n"}
,{"stream_name":"stdout","time":12895.171220021,"data":"[Epoch  3 / 20], Validation loss is 3.283571, Validation accuracy is 0.362789\n"}
,{"stream_name":"stdout","time":12938.198442437,"data":"[Epoch  4 / 20], Training loss is 2.776855\n"}
,{"stream_name":"stdout","time":12972.343850252,"data":"[Epoch  4 / 20], Validation loss is 2.856202, Validation accuracy is 0.427856\n"}
,{"stream_name":"stdout","time":13015.034196343,"data":"[Epoch  5 / 20], Training loss is 2.332806\n"}
,{"stream_name":"stdout","time":13050.919179281,"data":"[Epoch  5 / 20], Validation loss is 2.556436, Validation accuracy is 0.473593\n"}
,{"stream_name":"stdout","time":13094.149110966,"data":"[Epoch  6 / 20], Training loss is 2.019023\n"}
,{"stream_name":"stdout","time":13129.167243586,"data":"[Epoch  6 / 20], Validation loss is 2.329347, Validation accuracy is 0.506559\n"}
,{"stream_name":"stdout","time":13172.640331713,"data":"[Epoch  7 / 20], Training loss is 1.766200\n"}
,{"stream_name":"stdout","time":13206.403632979,"data":"[Epoch  7 / 20], Validation loss is 2.170061, Validation accuracy is 0.525716\n"}
,{"stream_name":"stdout","time":13249.558800926,"data":"[Epoch  8 / 20], Training loss is 1.568398\n"}
,{"stream_name":"stdout","time":13283.685693298,"data":"[Epoch  8 / 20], Validation loss is 2.033936, Validation accuracy is 0.541250\n"}
,{"stream_name":"stdout","time":13326.128705386,"data":"[Epoch  9 / 20], Training loss is 1.409582\n"}
,{"stream_name":"stdout","time":13361.186833592,"data":"[Epoch  9 / 20], Validation loss is 1.939618, Validation accuracy is 0.556265\n"}
,{"stream_name":"stdout","time":13404.085787046,"data":"[Epoch 10 / 20], Training loss is 1.283447\n"}
,{"stream_name":"stdout","time":13438.663045742,"data":"[Epoch 10 / 20], Validation loss is 1.856955, Validation accuracy is 0.567829\n"}
,{"stream_name":"stdout","time":13481.994354552,"data":"[Epoch 11 / 20], Training loss is 1.175776\n"}
,{"stream_name":"stdout","time":13516.835258001,"data":"[Epoch 11 / 20], Validation loss is 1.786759, Validation accuracy is 0.576113\n"}
,{"stream_name":"stdout","time":13559.46718166,"data":"[Epoch 12 / 20], Training loss is 1.079535\n"}
,{"stream_name":"stdout","time":13594.709004083,"data":"[Epoch 12 / 20], Validation loss is 1.731735, Validation accuracy is 0.587677\n"}
,{"stream_name":"stdout","time":13637.49711406,"data":"[Epoch 13 / 20], Training loss is 1.019385\n"}
,{"stream_name":"stdout","time":13671.779409617,"data":"[Epoch 13 / 20], Validation loss is 1.703054, Validation accuracy is 0.592682\n"}
,{"stream_name":"stdout","time":13715.098337982,"data":"[Epoch 14 / 20], Training loss is 0.968841\n"}
,{"stream_name":"stdout","time":13749.762974285,"data":"[Epoch 14 / 20], Validation loss is 1.668786, Validation accuracy is 0.595616\n"}
,{"stream_name":"stdout","time":13792.952628791,"data":"[Epoch 15 / 20], Training loss is 0.921786\n"}
,{"stream_name":"stdout","time":13827.945216749,"data":"[Epoch 15 / 20], Validation loss is 1.640757, Validation accuracy is 0.598723\n"}
,{"stream_name":"stdout","time":13870.563820263,"data":"[Epoch 16 / 20], Training loss is 0.875897\n"}
,{"stream_name":"stdout","time":13904.944065534,"data":"[Epoch 16 / 20], Validation loss is 1.613418, Validation accuracy is 0.601829\n"}
,{"stream_name":"stdout","time":13948.415666833,"data":"[Epoch 17 / 20], Training loss is 0.837570\n"}
,{"stream_name":"stdout","time":13982.754236226,"data":"[Epoch 17 / 20], Validation loss is 1.594579, Validation accuracy is 0.601829\n"}
,{"stream_name":"stdout","time":14025.486537815,"data":"[Epoch 18 / 20], Training loss is 0.796068\n"}
,{"stream_name":"stdout","time":14060.295270553,"data":"[Epoch 18 / 20], Validation loss is 1.573665, Validation accuracy is 0.607870\n"}
,{"stream_name":"stdout","time":14102.750459968,"data":"[Epoch 19 / 20], Training loss is 0.762645\n"}
,{"stream_name":"stdout","time":14137.231729072,"data":"[Epoch 19 / 20], Validation loss is 1.557931, Validation accuracy is 0.605799\n"}
,{"stream_name":"stdout","time":14179.970636201,"data":"[Epoch 20 / 20], Training loss is 0.729727\n"}
,{"stream_name":"stdout","time":14214.142253856,"data":"[Epoch 20 / 20], Validation loss is 1.539162, Validation accuracy is 0.611840\n"}
,{"stream_name":"stdout","time":14214.426494592,"data":"======================================================================\n"}
,{"stream_name":"stdout","time":14214.426526078,"data":"Training with configuration (0.00010, 0.01000)\n"}
,{"stream_name":"stdout","time":14257.26736269,"data":"[Epoch  1 / 20], Training loss is 5.061931\n"}
,{"stream_name":"stdout","time":14291.601895324,"data":"[Epoch  1 / 20], Validation loss is 4.467145, Validation accuracy is 0.125992\n"}
,{"stream_name":"stdout","time":14333.981024459,"data":"[Epoch  2 / 20], Training loss is 3.907497\n"}
,{"stream_name":"stdout","time":14368.342990578,"data":"[Epoch  2 / 20], Validation loss is 3.609704, Validation accuracy is 0.276666\n"}
,{"stream_name":"stdout","time":14410.769605913,"data":"[Epoch  3 / 20], Training loss is 3.055137\n"}
,{"stream_name":"stdout","time":14444.952448124,"data":"[Epoch  3 / 20], Validation loss is 3.021700, Validation accuracy is 0.388505\n"}
,{"stream_name":"stdout","time":14488.569254655,"data":"[Epoch  4 / 20], Training loss is 2.462521\n"}
,{"stream_name":"stdout","time":14522.990891355,"data":"[Epoch  4 / 20], Validation loss is 2.609536, Validation accuracy is 0.457025\n"}
,{"stream_name":"stdout","time":14566.117812027,"data":"[Epoch  5 / 20], Training loss is 2.038951\n"}
,{"stream_name":"stdout","time":14601.298375607,"data":"[Epoch  5 / 20], Validation loss is 2.341617, Validation accuracy is 0.495858\n"}
,{"stream_name":"stdout","time":14644.389194991,"data":"[Epoch  6 / 20], Training loss is 1.753477\n"}
,{"stream_name":"stdout","time":14679.990076962,"data":"[Epoch  6 / 20], Validation loss is 2.143202, Validation accuracy is 0.519503\n"}
,{"stream_name":"stdout","time":14724.214174194,"data":"[Epoch  7 / 20], Training loss is 1.525711\n"}
,{"stream_name":"stdout","time":14759.421368876,"data":"[Epoch  7 / 20], Validation loss is 2.010692, Validation accuracy is 0.542458\n"}
,{"stream_name":"stdout","time":14803.485598049,"data":"[Epoch  8 / 20], Training loss is 1.349951\n"}
,{"stream_name":"stdout","time":14839.430025549,"data":"[Epoch  8 / 20], Validation loss is 1.894914, Validation accuracy is 0.550570\n"}
,{"stream_name":"stdout","time":14883.347980879,"data":"[Epoch  9 / 20], Training loss is 1.209459\n"}
,{"stream_name":"stdout","time":14918.147703744,"data":"[Epoch  9 / 20], Validation loss is 1.820668, Validation accuracy is 0.564032\n"}
,{"stream_name":"stdout","time":14961.624383606,"data":"[Epoch 10 / 20], Training loss is 1.098301\n"}
,{"stream_name":"stdout","time":14995.913837174,"data":"[Epoch 10 / 20], Validation loss is 1.751312, Validation accuracy is 0.578357\n"}
,{"stream_name":"stdout","time":15038.746768145,"data":"[Epoch 11 / 20], Training loss is 1.003178\n"}
,{"stream_name":"stdout","time":15073.382561021,"data":"[Epoch 11 / 20], Validation loss is 1.694493, Validation accuracy is 0.581981\n"}
,{"stream_name":"stdout","time":15116.712451749,"data":"[Epoch 12 / 20], Training loss is 0.914460\n"}
,{"stream_name":"stdout","time":15151.396128478,"data":"[Epoch 12 / 20], Validation loss is 1.644490, Validation accuracy is 0.594235\n"}
,{"stream_name":"stdout","time":15194.54755277,"data":"[Epoch 13 / 20], Training loss is 0.861025\n"}
,{"stream_name":"stdout","time":15229.427251808,"data":"[Epoch 13 / 20], Validation loss is 1.622155, Validation accuracy is 0.598723\n"}
,{"stream_name":"stdout","time":15272.614876462,"data":"[Epoch 14 / 20], Training loss is 0.816429\n"}
,{"stream_name":"stdout","time":15306.851951542,"data":"[Epoch 14 / 20], Validation loss is 1.595373, Validation accuracy is 0.600104\n"}
,{"stream_name":"stdout","time":15349.429436016,"data":"[Epoch 15 / 20], Training loss is 0.774700\n"}
,{"stream_name":"stdout","time":15384.32519509,"data":"[Epoch 15 / 20], Validation loss is 1.573314, Validation accuracy is 0.605627\n"}
,{"stream_name":"stdout","time":15426.670611075,"data":"[Epoch 16 / 20], Training loss is 0.734126\n"}
,{"stream_name":"stdout","time":15462.146163978,"data":"[Epoch 16 / 20], Validation loss is 1.550458, Validation accuracy is 0.606489\n"}
,{"stream_name":"stdout","time":15506.225023025,"data":"[Epoch 17 / 20], Training loss is 0.700071\n"}
,{"stream_name":"stdout","time":15540.964694587,"data":"[Epoch 17 / 20], Validation loss is 1.537244, Validation accuracy is 0.607007\n"}
,{"stream_name":"stdout","time":15584.312598557,"data":"[Epoch 18 / 20], Training loss is 0.663138\n"}
,{"stream_name":"stdout","time":15619.111548978,"data":"[Epoch 18 / 20], Validation loss is 1.521152, Validation accuracy is 0.609424\n"}
,{"stream_name":"stdout","time":15661.75059866,"data":"[Epoch 19 / 20], Training loss is 0.633491\n"}
,{"stream_name":"stdout","time":15696.639022691,"data":"[Epoch 19 / 20], Validation loss is 1.509576, Validation accuracy is 0.609424\n"}
,{"stream_name":"stdout","time":15739.318648609,"data":"[Epoch 20 / 20], Training loss is 0.603836\n"}
,{"stream_name":"stdout","time":15773.305286574,"data":"[Epoch 20 / 20], Validation loss is 1.494907, Validation accuracy is 0.611495\n"}
,{"stream_name":"stdout","time":15773.5926442,"data":"======================================================================\n"}
,{"stream_name":"stdout","time":15773.592681286,"data":"Training with configuration (0.00050, 0.00100)\n"}
,{"stream_name":"stdout","time":15816.756164518,"data":"[Epoch  1 / 20], Training loss is 5.392626\n"}
,{"stream_name":"stdout","time":15850.532433641,"data":"[Epoch  1 / 20], Validation loss is 5.253456, Validation accuracy is 0.014325\n"}
,{"stream_name":"stdout","time":15892.566821873,"data":"[Epoch  2 / 20], Training loss is 5.111482\n"}
,{"stream_name":"stdout","time":15927.647039392,"data":"[Epoch  2 / 20], Validation loss is 5.042820, Validation accuracy is 0.038661\n"}
,{"stream_name":"stdout","time":15970.049043472,"data":"[Epoch  3 / 20], Training loss is 4.869666\n"}
,{"stream_name":"stdout","time":16005.526547712,"data":"[Epoch  3 / 20], Validation loss is 4.841952, Validation accuracy is 0.076113\n"}
,{"stream_name":"stdout","time":16048.8867533,"data":"[Epoch  4 / 20], Training loss is 4.629024\n"}
,{"stream_name":"stdout","time":16082.922823039,"data":"[Epoch  4 / 20], Validation loss is 4.630193, Validation accuracy is 0.115637\n"}
,{"stream_name":"stdout","time":16126.163144756,"data":"[Epoch  5 / 20], Training loss is 4.379887\n"}
,{"stream_name":"stdout","time":16160.411347396,"data":"[Epoch  5 / 20], Validation loss is 4.409016, Validation accuracy is 0.162409\n"}
,{"stream_name":"stdout","time":16202.657803438,"data":"[Epoch  6 / 20], Training loss is 4.138737\n"}
,{"stream_name":"stdout","time":16237.286676081,"data":"[Epoch  6 / 20], Validation loss is 4.186940, Validation accuracy is 0.209009\n"}
,{"stream_name":"stdout","time":16279.976346898,"data":"[Epoch  7 / 20], Training loss is 3.898325\n"}
,{"stream_name":"stdout","time":16313.9879588,"data":"[Epoch  7 / 20], Validation loss is 3.981018, Validation accuracy is 0.250949\n"}
,{"stream_name":"stdout","time":16356.918815667,"data":"[Epoch  8 / 20], Training loss is 3.667754\n"}
,{"stream_name":"stdout","time":16390.87574352,"data":"[Epoch  8 / 20], Validation loss is 3.776951, Validation accuracy is 0.291681\n"}
,{"stream_name":"stdout","time":16433.124733465,"data":"[Epoch  9 / 20], Training loss is 3.451868\n"}
,{"stream_name":"stdout","time":16467.13511663,"data":"[Epoch  9 / 20], Validation loss is 3.605287, Validation accuracy is 0.331550\n"}
,{"stream_name":"stdout","time":16509.410935137,"data":"[Epoch 10 / 20], Training loss is 3.255379\n"}
,{"stream_name":"stdout","time":16544.102064496,"data":"[Epoch 10 / 20], Validation loss is 3.434436, Validation accuracy is 0.371246\n"}
,{"stream_name":"stdout","time":16587.189006327,"data":"[Epoch 11 / 20], Training loss is 3.071571\n"}
,{"stream_name":"stdout","time":16620.885399449,"data":"[Epoch 11 / 20], Validation loss is 3.277521, Validation accuracy is 0.396272\n"}
,{"stream_name":"stdout","time":16663.753602927,"data":"[Epoch 12 / 20], Training loss is 2.915105\n"}
,{"stream_name":"stdout","time":16698.018957174,"data":"[Epoch 12 / 20], Validation loss is 3.182213, Validation accuracy is 0.421470\n"}
,{"stream_name":"stdout","time":16740.680608204,"data":"[Epoch 13 / 20], Training loss is 2.803581\n"}
,{"stream_name":"stdout","time":16775.24534658,"data":"[Epoch 13 / 20], Validation loss is 3.091808, Validation accuracy is 0.437004\n"}
,{"stream_name":"stdout","time":16817.515986191,"data":"[Epoch 14 / 20], Training loss is 2.696774\n"}
,{"stream_name":"stdout","time":16851.634930212,"data":"[Epoch 14 / 20], Validation loss is 3.003406, Validation accuracy is 0.455816\n"}
,{"stream_name":"stdout","time":16894.520867235,"data":"[Epoch 15 / 20], Training loss is 2.596764\n"}
,{"stream_name":"stdout","time":16928.621512296,"data":"[Epoch 15 / 20], Validation loss is 2.916223, Validation accuracy is 0.467035\n"}
,{"stream_name":"stdout","time":16970.611791197,"data":"[Epoch 16 / 20], Training loss is 2.498342\n"}
,{"stream_name":"stdout","time":17005.101186954,"data":"[Epoch 16 / 20], Validation loss is 2.839766, Validation accuracy is 0.483949\n"}
,{"stream_name":"stdout","time":17047.615637348,"data":"[Epoch 17 / 20], Training loss is 2.407302\n"}
,{"stream_name":"stdout","time":17081.825020768,"data":"[Epoch 17 / 20], Validation loss is 2.765086, Validation accuracy is 0.498619\n"}
,{"stream_name":"stdout","time":17124.214072404,"data":"[Epoch 18 / 20], Training loss is 2.315931\n"}
,{"stream_name":"stdout","time":17158.452845884,"data":"[Epoch 18 / 20], Validation loss is 2.691108, Validation accuracy is 0.502244\n"}
,{"stream_name":"stdout","time":17201.325237674,"data":"[Epoch 19 / 20], Training loss is 2.235840\n"}
,{"stream_name":"stdout","time":17236.062603759,"data":"[Epoch 19 / 20], Validation loss is 2.628910, Validation accuracy is 0.510183\n"}
,{"stream_name":"stdout","time":17278.476437003,"data":"[Epoch 20 / 20], Training loss is 2.154200\n"}
,{"stream_name":"stdout","time":17313.169869472,"data":"[Epoch 20 / 20], Validation loss is 2.564005, Validation accuracy is 0.522437\n"}
,{"stream_name":"stdout","time":17313.432345869,"data":"======================================================================\n"}
,{"stream_name":"stdout","time":17313.432375959,"data":"Training with configuration (0.00050, 0.00200)\n"}
,{"stream_name":"stdout","time":17356.179094215,"data":"[Epoch  1 / 20], Training loss is 5.336770\n"}
,{"stream_name":"stdout","time":17390.788840946,"data":"[Epoch  1 / 20], Validation loss is 5.126140, Validation accuracy is 0.025544\n"}
,{"stream_name":"stdout","time":17433.722856536,"data":"[Epoch  2 / 20], Training loss is 4.928486\n"}
,{"stream_name":"stdout","time":17468.57059356,"data":"[Epoch  2 / 20], Validation loss is 4.795992, Validation accuracy is 0.080601\n"}
,{"stream_name":"stdout","time":17511.984280359,"data":"[Epoch  3 / 20], Training loss is 4.545346\n"}
,{"stream_name":"stdout","time":17546.985784803,"data":"[Epoch  3 / 20], Validation loss is 4.454181, Validation accuracy is 0.155333\n"}
,{"stream_name":"stdout","time":17589.816581046,"data":"[Epoch  4 / 20], Training loss is 4.156301\n"}
,{"stream_name":"stdout","time":17624.109401413,"data":"[Epoch  4 / 20], Validation loss is 4.106290, Validation accuracy is 0.231619\n"}
,{"stream_name":"stdout","time":17666.755649882,"data":"[Epoch  5 / 20], Training loss is 3.775405\n"}
,{"stream_name":"stdout","time":17701.309194288,"data":"[Epoch  5 / 20], Validation loss is 3.773869, Validation accuracy is 0.296859\n"}
,{"stream_name":"stdout","time":17745.655975833,"data":"[Epoch  6 / 20], Training loss is 3.433402\n"}
,{"stream_name":"stdout","time":17781.774505632,"data":"[Epoch  6 / 20], Validation loss is 3.475820, Validation accuracy is 0.357957\n"}
,{"stream_name":"stdout","time":17825.50384651,"data":"[Epoch  7 / 20], Training loss is 3.121623\n"}
,{"stream_name":"stdout","time":17860.878805324,"data":"[Epoch  7 / 20], Validation loss is 3.227402, Validation accuracy is 0.406628\n"}
,{"stream_name":"stdout","time":17903.710467419,"data":"[Epoch  8 / 20], Training loss is 2.845537\n"}
,{"stream_name":"stdout","time":17937.617129767,"data":"[Epoch  8 / 20], Validation loss is 3.001279, Validation accuracy is 0.447014\n"}
,{"stream_name":"stdout","time":17980.174824223,"data":"[Epoch  9 / 20], Training loss is 2.603023\n"}
,{"stream_name":"stdout","time":18014.397945244,"data":"[Epoch  9 / 20], Validation loss is 2.822150, Validation accuracy is 0.477045\n"}
,{"stream_name":"stdout","time":18056.8436904,"data":"[Epoch 10 / 20], Training loss is 2.396436\n"}
,{"stream_name":"stdout","time":18092.287345239,"data":"[Epoch 10 / 20], Validation loss is 2.654693, Validation accuracy is 0.501208\n"}
,{"stream_name":"stdout","time":18136.347578443,"data":"[Epoch 11 / 20], Training loss is 2.211194\n"}
,{"stream_name":"stdout","time":18170.593088129,"data":"[Epoch 11 / 20], Validation loss is 2.506986, Validation accuracy is 0.520193\n"}
,{"stream_name":"stdout","time":18214.026406355,"data":"[Epoch 12 / 20], Training loss is 2.055113\n"}
,{"stream_name":"stdout","time":18247.937129865,"data":"[Epoch 12 / 20], Validation loss is 2.417239, Validation accuracy is 0.534518\n"}
,{"stream_name":"stdout","time":18290.337418855,"data":"[Epoch 13 / 20], Training loss is 1.951177\n"}
,{"stream_name":"stdout","time":18324.611471074,"data":"[Epoch 13 / 20], Validation loss is 2.342606, Validation accuracy is 0.546600\n"}
,{"stream_name":"stdout","time":18366.59070852,"data":"[Epoch 14 / 20], Training loss is 1.853106\n"}
,{"stream_name":"stdout","time":18401.139528588,"data":"[Epoch 14 / 20], Validation loss is 2.264261, Validation accuracy is 0.556265\n"}
,{"stream_name":"stdout","time":18444.507824851,"data":"[Epoch 15 / 20], Training loss is 1.763670\n"}
,{"stream_name":"stdout","time":18478.311251357,"data":"[Epoch 15 / 20], Validation loss is 2.194866, Validation accuracy is 0.568347\n"}
,{"stream_name":"stdout","time":18520.988005906,"data":"[Epoch 16 / 20], Training loss is 1.676632\n"}
,{"stream_name":"stdout","time":18555.310207164,"data":"[Epoch 16 / 20], Validation loss is 2.132350, Validation accuracy is 0.575423\n"}
,{"stream_name":"stdout","time":18597.759124932,"data":"[Epoch 17 / 20], Training loss is 1.599453\n"}
,{"stream_name":"stdout","time":18632.47254858,"data":"[Epoch 17 / 20], Validation loss is 2.075690, Validation accuracy is 0.581118\n"}
,{"stream_name":"stdout","time":18675.123212786,"data":"[Epoch 18 / 20], Training loss is 1.520763\n"}
,{"stream_name":"stdout","time":18709.759756775,"data":"[Epoch 18 / 20], Validation loss is 2.020198, Validation accuracy is 0.587849\n"}
,{"stream_name":"stdout","time":18752.726406551,"data":"[Epoch 19 / 20], Training loss is 1.454848\n"}
,{"stream_name":"stdout","time":18786.560617084,"data":"[Epoch 19 / 20], Validation loss is 1.977184, Validation accuracy is 0.594753\n"}
,{"stream_name":"stdout","time":18829.139203757,"data":"[Epoch 20 / 20], Training loss is 1.387721\n"}
,{"stream_name":"stdout","time":18863.759526944,"data":"[Epoch 20 / 20], Validation loss is 1.926382, Validation accuracy is 0.601657\n"}
,{"stream_name":"stdout","time":18864.030038646,"data":"======================================================================\n"}
,{"stream_name":"stdout","time":18864.030068827,"data":"Training with configuration (0.00050, 0.00500)\n"}
,{"stream_name":"stdout","time":18906.229169215,"data":"[Epoch  1 / 20], Training loss is 5.213896\n"}
,{"stream_name":"stdout","time":18940.773536001,"data":"[Epoch  1 / 20], Validation loss is 4.825952, Validation accuracy is 0.067138\n"}
,{"stream_name":"stdout","time":18983.382404345,"data":"[Epoch  2 / 20], Training loss is 4.437029\n"}
,{"stream_name":"stdout","time":19017.43951554,"data":"[Epoch  2 / 20], Validation loss is 4.136191, Validation accuracy is 0.209700\n"}
,{"stream_name":"stdout","time":19060.552245621,"data":"[Epoch  3 / 20], Training loss is 3.701274\n"}
,{"stream_name":"stdout","time":19094.941990488,"data":"[Epoch  3 / 20], Validation loss is 3.516236, Validation accuracy is 0.337763\n"}
,{"stream_name":"stdout","time":19137.262940487,"data":"[Epoch  4 / 20], Training loss is 3.072083\n"}
,{"stream_name":"stdout","time":19170.918141362,"data":"[Epoch  4 / 20], Validation loss is 3.027750, Validation accuracy is 0.426130\n"}
,{"stream_name":"stdout","time":19212.777763533,"data":"[Epoch  5 / 20], Training loss is 2.576576\n"}
,{"stream_name":"stdout","time":19247.015833053,"data":"[Epoch  5 / 20], Validation loss is 2.672528, Validation accuracy is 0.483259\n"}
,{"stream_name":"stdout","time":19289.335513773,"data":"[Epoch  6 / 20], Training loss is 2.211194\n"}
,{"stream_name":"stdout","time":19323.158295648,"data":"[Epoch  6 / 20], Validation loss is 2.399348, Validation accuracy is 0.520021\n"}
,{"stream_name":"stdout","time":19365.476069584,"data":"[Epoch  7 / 20], Training loss is 1.918184\n"}
,{"stream_name":"stdout","time":19400.170558746,"data":"[Epoch  7 / 20], Validation loss is 2.205021, Validation accuracy is 0.549016\n"}
,{"stream_name":"stdout","time":19442.571938515,"data":"[Epoch  8 / 20], Training loss is 1.684706\n"}
,{"stream_name":"stdout","time":19476.771708926,"data":"[Epoch  8 / 20], Validation loss is 2.040070, Validation accuracy is 0.565240\n"}
,{"stream_name":"stdout","time":19519.383183613,"data":"[Epoch  9 / 20], Training loss is 1.494588\n"}
,{"stream_name":"stdout","time":19553.492361677,"data":"[Epoch  9 / 20], Validation loss is 1.922891, Validation accuracy is 0.582672\n"}
,{"stream_name":"stdout","time":19596.054504381,"data":"[Epoch 10 / 20], Training loss is 1.341449\n"}
,{"stream_name":"stdout","time":19630.256860979,"data":"[Epoch 10 / 20], Validation loss is 1.818429, Validation accuracy is 0.597342\n"}
,{"stream_name":"stdout","time":19672.927668777,"data":"[Epoch 11 / 20], Training loss is 1.208764\n"}
,{"stream_name":"stdout","time":19707.619540368,"data":"[Epoch 11 / 20], Validation loss is 1.731769, Validation accuracy is 0.612875\n"}
,{"stream_name":"stdout","time":19750.137368124,"data":"[Epoch 12 / 20], Training loss is 1.094740\n"}
,{"stream_name":"stdout","time":19784.935128209,"data":"[Epoch 12 / 20], Validation loss is 1.673823, Validation accuracy is 0.621332\n"}
,{"stream_name":"stdout","time":19827.505867102,"data":"[Epoch 13 / 20], Training loss is 1.023929\n"}
,{"stream_name":"stdout","time":19861.590873199,"data":"[Epoch 13 / 20], Validation loss is 1.636935, Validation accuracy is 0.626683\n"}
,{"stream_name":"stdout","time":19904.180309092,"data":"[Epoch 14 / 20], Training loss is 0.958350\n"}
,{"stream_name":"stdout","time":19938.783447709,"data":"[Epoch 14 / 20], Validation loss is 1.595284, Validation accuracy is 0.628409\n"}
,{"stream_name":"stdout","time":19981.093609138,"data":"[Epoch 15 / 20], Training loss is 0.899630\n"}
,{"stream_name":"stdout","time":20015.880065403,"data":"[Epoch 15 / 20], Validation loss is 1.560936, Validation accuracy is 0.635312\n"}
,{"stream_name":"stdout","time":20058.812307512,"data":"[Epoch 16 / 20], Training loss is 0.843016\n"}
,{"stream_name":"stdout","time":20092.604617869,"data":"[Epoch 16 / 20], Validation loss is 1.531184, Validation accuracy is 0.638074\n"}
,{"stream_name":"stdout","time":20135.100400548,"data":"[Epoch 17 / 20], Training loss is 0.794107\n"}
,{"stream_name":"stdout","time":20168.548820806,"data":"[Epoch 17 / 20], Validation loss is 1.506305, Validation accuracy is 0.641526\n"}
,{"stream_name":"stdout","time":20211.458821566,"data":"[Epoch 18 / 20], Training loss is 0.742916\n"}
,{"stream_name":"stdout","time":20247.006901477,"data":"[Epoch 18 / 20], Validation loss is 1.479868, Validation accuracy is 0.644115\n"}
,{"stream_name":"stdout","time":20289.658933326,"data":"[Epoch 19 / 20], Training loss is 0.701383\n"}
,{"stream_name":"stdout","time":20324.335232909,"data":"[Epoch 19 / 20], Validation loss is 1.463427, Validation accuracy is 0.646013\n"}
,{"stream_name":"stdout","time":20367.556176903,"data":"[Epoch 20 / 20], Training loss is 0.658928\n"}
,{"stream_name":"stdout","time":20401.703088247,"data":"[Epoch 20 / 20], Validation loss is 1.437869, Validation accuracy is 0.646013\n"}
,{"stream_name":"stdout","time":20401.958230241,"data":"======================================================================\n"}
,{"stream_name":"stdout","time":20401.958266685,"data":"Training with configuration (0.00050, 0.00800)\n"}
,{"stream_name":"stdout","time":20443.985175902,"data":"[Epoch  1 / 20], Training loss is 5.108624\n"}
,{"stream_name":"stdout","time":20478.128004907,"data":"[Epoch  1 / 20], Validation loss is 4.560981, Validation accuracy is 0.108215\n"}
,{"stream_name":"stdout","time":20520.046122506,"data":"[Epoch  2 / 20], Training loss is 4.006432\n"}
,{"stream_name":"stdout","time":20554.699109961,"data":"[Epoch  2 / 20], Validation loss is 3.620822, Validation accuracy is 0.280463\n"}
,{"stream_name":"stdout","time":20597.305374748,"data":"[Epoch  3 / 20], Training loss is 3.076822\n"}
,{"stream_name":"stdout","time":20630.797530885,"data":"[Epoch  3 / 20], Validation loss is 2.932765, Validation accuracy is 0.413704\n"}
,{"stream_name":"stdout","time":20673.789335063,"data":"[Epoch  4 / 20], Training loss is 2.414001\n"}
,{"stream_name":"stdout","time":20707.862710056,"data":"[Epoch  4 / 20], Validation loss is 2.474143, Validation accuracy is 0.490853\n"}
,{"stream_name":"stdout","time":20751.073042897,"data":"[Epoch  5 / 20], Training loss is 1.955219\n"}
,{"stream_name":"stdout","time":20785.506786655,"data":"[Epoch  5 / 20], Validation loss is 2.190940, Validation accuracy is 0.535554\n"}
,{"stream_name":"stdout","time":20827.626855249,"data":"[Epoch  6 / 20], Training loss is 1.647216\n"}
,{"stream_name":"stdout","time":20862.305381468,"data":"[Epoch  6 / 20], Validation loss is 1.980591, Validation accuracy is 0.561961\n"}
,{"stream_name":"stdout","time":20905.522847384,"data":"[Epoch  7 / 20], Training loss is 1.407278\n"}
,{"stream_name":"stdout","time":20939.094172054,"data":"[Epoch  7 / 20], Validation loss is 1.839911, Validation accuracy is 0.580083\n"}
,{"stream_name":"stdout","time":20981.229072377,"data":"[Epoch  8 / 20], Training loss is 1.219581\n"}
,{"stream_name":"stdout","time":21015.201283,"data":"[Epoch  8 / 20], Validation loss is 1.719608, Validation accuracy is 0.592682\n"}
,{"stream_name":"stdout","time":21057.239128902,"data":"[Epoch  9 / 20], Training loss is 1.068595\n"}
,{"stream_name":"stdout","time":21091.788081134,"data":"[Epoch  9 / 20], Validation loss is 1.643967, Validation accuracy is 0.610804\n"}
,{"stream_name":"stdout","time":21134.142735159,"data":"[Epoch 10 / 20], Training loss is 0.947590\n"}
,{"stream_name":"stdout","time":21168.120119726,"data":"[Epoch 10 / 20], Validation loss is 1.572384, Validation accuracy is 0.620297\n"}
,{"stream_name":"stdout","time":21210.70580836,"data":"[Epoch 11 / 20], Training loss is 0.843015\n"}
,{"stream_name":"stdout","time":21244.483345197,"data":"[Epoch 11 / 20], Validation loss is 1.515415, Validation accuracy is 0.628754\n"}
,{"stream_name":"stdout","time":21287.005896649,"data":"[Epoch 12 / 20], Training loss is 0.749059\n"}
,{"stream_name":"stdout","time":21321.071565551,"data":"[Epoch 12 / 20], Validation loss is 1.469647, Validation accuracy is 0.641871\n"}
,{"stream_name":"stdout","time":21363.580577011,"data":"[Epoch 13 / 20], Training loss is 0.692827\n"}
,{"stream_name":"stdout","time":21398.212841378,"data":"[Epoch 13 / 20], Validation loss is 1.448115, Validation accuracy is 0.636521\n"}
,{"stream_name":"stdout","time":21441.097662486,"data":"[Epoch 14 / 20], Training loss is 0.641632\n"}
,{"stream_name":"stdout","time":21475.560285285,"data":"[Epoch 14 / 20], Validation loss is 1.423430, Validation accuracy is 0.639282\n"}
,{"stream_name":"stdout","time":21519.575284261,"data":"[Epoch 15 / 20], Training loss is 0.596512\n"}
,{"stream_name":"stdout","time":21554.373574647,"data":"[Epoch 15 / 20], Validation loss is 1.402044, Validation accuracy is 0.643597\n"}
,{"stream_name":"stdout","time":21596.885815704,"data":"[Epoch 16 / 20], Training loss is 0.553251\n"}
,{"stream_name":"stdout","time":21630.766318528,"data":"[Epoch 16 / 20], Validation loss is 1.384053, Validation accuracy is 0.648602\n"}
,{"stream_name":"stdout","time":21673.799956879,"data":"[Epoch 17 / 20], Training loss is 0.515590\n"}
,{"stream_name":"stdout","time":21708.768602709,"data":"[Epoch 17 / 20], Validation loss is 1.371420, Validation accuracy is 0.646876\n"}
,{"stream_name":"stdout","time":21752.784986106,"data":"[Epoch 18 / 20], Training loss is 0.476869\n"}
,{"stream_name":"stdout","time":21788.388892979,"data":"[Epoch 18 / 20], Validation loss is 1.354916, Validation accuracy is 0.649810\n"}
,{"stream_name":"stdout","time":21832.871026738,"data":"[Epoch 19 / 20], Training loss is 0.445156\n"}
,{"stream_name":"stdout","time":21868.900488892,"data":"[Epoch 19 / 20], Validation loss is 1.346973, Validation accuracy is 0.651363\n"}
,{"stream_name":"stdout","time":21912.794184579,"data":"[Epoch 20 / 20], Training loss is 0.413461\n"}
,{"stream_name":"stdout","time":21948.094532353,"data":"[Epoch 20 / 20], Validation loss is 1.331718, Validation accuracy is 0.651363\n"}
,{"stream_name":"stdout","time":21948.360894548,"data":"======================================================================\n"}
,{"stream_name":"stdout","time":21948.360933882,"data":"Training with configuration (0.00050, 0.01000)\n"}
,{"stream_name":"stdout","time":21991.895682066,"data":"[Epoch  1 / 20], Training loss is 5.043430\n"}
,{"stream_name":"stdout","time":22026.306296983,"data":"[Epoch  1 / 20], Validation loss is 4.395350, Validation accuracy is 0.136175\n"}
,{"stream_name":"stdout","time":22069.771191274,"data":"[Epoch  2 / 20], Training loss is 3.754925\n"}
,{"stream_name":"stdout","time":22105.312534604,"data":"[Epoch  2 / 20], Validation loss is 3.348361, Validation accuracy is 0.319296\n"}
,{"stream_name":"stdout","time":22148.519082476,"data":"[Epoch  3 / 20], Training loss is 2.760749\n"}
,{"stream_name":"stdout","time":22183.352341263,"data":"[Epoch  3 / 20], Validation loss is 2.671788, Validation accuracy is 0.445633\n"}
,{"stream_name":"stdout","time":22226.623090413,"data":"[Epoch  4 / 20], Training loss is 2.118108\n"}
,{"stream_name":"stdout","time":22260.82602789,"data":"[Epoch  4 / 20], Validation loss is 2.249954, Validation accuracy is 0.515878\n"}
,{"stream_name":"stdout","time":22305.275535521,"data":"[Epoch  5 / 20], Training loss is 1.695656\n"}
,{"stream_name":"stdout","time":22340.800702201,"data":"[Epoch  5 / 20], Validation loss is 2.006917, Validation accuracy is 0.551950\n"}
,{"stream_name":"stdout","time":22383.906981358,"data":"[Epoch  6 / 20], Training loss is 1.419944\n"}
,{"stream_name":"stdout","time":22419.042542381,"data":"[Epoch  6 / 20], Validation loss is 1.828334, Validation accuracy is 0.577494\n"}
,{"stream_name":"stdout","time":22462.870386917,"data":"[Epoch  7 / 20], Training loss is 1.204649\n"}
,{"stream_name":"stdout","time":22498.265748419,"data":"[Epoch  7 / 20], Validation loss is 1.712352, Validation accuracy is 0.590438\n"}
,{"stream_name":"stdout","time":22542.256728004,"data":"[Epoch  8 / 20], Training loss is 1.037279\n"}
,{"stream_name":"stdout","time":22577.344969019,"data":"[Epoch  8 / 20], Validation loss is 1.611119, Validation accuracy is 0.607352\n"}
,{"stream_name":"stdout","time":22620.502059528,"data":"[Epoch  9 / 20], Training loss is 0.902142\n"}
,{"stream_name":"stdout","time":22656.226172449,"data":"[Epoch  9 / 20], Validation loss is 1.552821, Validation accuracy is 0.617363\n"}
,{"stream_name":"stdout","time":22699.504365947,"data":"[Epoch 10 / 20], Training loss is 0.794066\n"}
,{"stream_name":"stdout","time":22734.16446797,"data":"[Epoch 10 / 20], Validation loss is 1.493525, Validation accuracy is 0.628064\n"}
,{"stream_name":"stdout","time":22777.701731471,"data":"[Epoch 11 / 20], Training loss is 0.700709\n"}
,{"stream_name":"stdout","time":22812.544583422,"data":"[Epoch 11 / 20], Validation loss is 1.449284, Validation accuracy is 0.632033\n"}
,{"stream_name":"stdout","time":22855.75054442,"data":"[Epoch 12 / 20], Training loss is 0.614487\n"}
,{"stream_name":"stdout","time":22891.225353878,"data":"[Epoch 12 / 20], Validation loss is 1.408087, Validation accuracy is 0.643424\n"}
,{"stream_name":"stdout","time":22935.631720782,"data":"[Epoch 13 / 20], Training loss is 0.564486\n"}
,{"stream_name":"stdout","time":22970.515440537,"data":"[Epoch 13 / 20], Validation loss is 1.392125, Validation accuracy is 0.639800\n"}
,{"stream_name":"stdout","time":23013.791212232,"data":"[Epoch 14 / 20], Training loss is 0.519265\n"}
,{"stream_name":"stdout","time":23048.608713254,"data":"[Epoch 14 / 20], Validation loss is 1.373835, Validation accuracy is 0.642043\n"}
,{"stream_name":"stdout","time":23093.331873731,"data":"[Epoch 15 / 20], Training loss is 0.480062\n"}
,{"stream_name":"stdout","time":23129.670973434,"data":"[Epoch 15 / 20], Validation loss is 1.357309, Validation accuracy is 0.645668\n"}
,{"stream_name":"stdout","time":23173.469485821,"data":"[Epoch 16 / 20], Training loss is 0.442572\n"}
,{"stream_name":"stdout","time":23208.019446793,"data":"[Epoch 16 / 20], Validation loss is 1.343180, Validation accuracy is 0.649983\n"}
,{"stream_name":"stdout","time":23251.336410878,"data":"[Epoch 17 / 20], Training loss is 0.410042\n"}
,{"stream_name":"stdout","time":23285.805110706,"data":"[Epoch 17 / 20], Validation loss is 1.335155, Validation accuracy is 0.647049\n"}
,{"stream_name":"stdout","time":23329.146572407,"data":"[Epoch 18 / 20], Training loss is 0.376844\n"}
,{"stream_name":"stdout","time":23364.37066909,"data":"[Epoch 18 / 20], Validation loss is 1.322222, Validation accuracy is 0.651191\n"}
,{"stream_name":"stdout","time":23407.39252996,"data":"[Epoch 19 / 20], Training loss is 0.349849\n"}
,{"stream_name":"stdout","time":23441.910417226,"data":"[Epoch 19 / 20], Validation loss is 1.317570, Validation accuracy is 0.651709\n"}
,{"stream_name":"stdout","time":23485.351408363,"data":"[Epoch 20 / 20], Training loss is 0.323156\n"}
,{"stream_name":"stdout","time":23518.839283769,"data":"[Epoch 20 / 20], Validation loss is 1.305672, Validation accuracy is 0.653607\n"}
,{"stream_name":"stderr","time":23524.511932338,"data":"/opt/conda/lib/python3.10/site-packages/traitlets/traitlets.py:2930: FutureWarning: --Exporter.preprocessors=[\"remove_papermill_header.RemovePapermillHeader\"] for containers is deprecated in traitlets 5.0. You can pass `--Exporter.preprocessors item` ... multiple times to add items to a list.\n"}
,{"stream_name":"stderr","time":23524.51198348,"data":"  warn(\n"}
,{"stream_name":"stderr","time":23524.519600223,"data":"[NbConvertApp] WARNING | Config option `kernel_spec_manager_class` not recognized by `NbConvertApp`.\n"}
,{"stream_name":"stderr","time":23524.561102303,"data":"[NbConvertApp] Converting notebook __notebook__.ipynb to notebook\n"}
,{"stream_name":"stderr","time":23525.114488296,"data":"[NbConvertApp] Writing 71888 bytes to __notebook__.ipynb\n"}
,{"stream_name":"stderr","time":23526.644932535,"data":"/opt/conda/lib/python3.10/site-packages/traitlets/traitlets.py:2930: FutureWarning: --Exporter.preprocessors=[\"nbconvert.preprocessors.ExtractOutputPreprocessor\"] for containers is deprecated in traitlets 5.0. You can pass `--Exporter.preprocessors item` ... multiple times to add items to a list.\n"}
,{"stream_name":"stderr","time":23526.644968438,"data":"  warn(\n"}
,{"stream_name":"stderr","time":23526.665500258,"data":"[NbConvertApp] WARNING | Config option `kernel_spec_manager_class` not recognized by `NbConvertApp`.\n"}
,{"stream_name":"stderr","time":23526.695685327,"data":"[NbConvertApp] Converting notebook __notebook__.ipynb to html\n"}
,{"stream_name":"stderr","time":23527.635877912,"data":"[NbConvertApp] Writing 368807 bytes to __results__.html\n"}
]